<?xml version="1.0" encoding="UTF-8"?>
<testsuite name="c0.CharIteratorTest" tests="1" skipped="0" failures="0" errors="0" timestamp="2021-01-18T11:18:57" hostname="localhost.localdomain" time="0.002">
  <properties/>
  <testcase name="testRichIterator" classname="c0.CharIteratorTest" time="0.002"/>
  <system-out><![CDATA[]]></system-out>
  <system-err><![CDATA[]]></system-err>
</testsuite>
