<?xml version="1.0" encoding="UTF-8"?>
<testsuite name="c0.LexerTest" tests="1" skipped="0" failures="0" errors="0" timestamp="2020-12-15T13:16:32" hostname="localhost.localdomain" time="0.0">
  <properties/>
  <testcase name="testRichIterator" classname="c0.LexerTest" time="0.0"/>
  <system-out><![CDATA[]]></system-out>
  <system-err><![CDATA[]]></system-err>
</testsuite>
